<?xml version="1.0" encoding="UTF-8"?>
<!-- Generated by org.testng.reporters.JUnitReportReporter -->
<testsuite hostname="BHUKRK591764L" failures="0" tests="1" name="bayt.BaytJobApplicationTest" time="44.950" errors="0" timestamp="20 Mar 2023 09:50:53 GMT" skipped="0">
  <testcase classname="bayt.BaytJobApplicationTest" name="applyToJobTest" time="44.950"/>
</testsuite> <!-- bayt.BaytJobApplicationTest -->
