<?xml version="1.0" encoding="UTF-8"?>
<!-- Generated by org.testng.reporters.JUnitReportReporter -->
<testsuite hostname="BHUKRK591764L" failures="0" tests="1" name="bayt.BaytMobileTest" time="20.954" errors="0" timestamp="20 Mar 2023 11:04:54 GMT" skipped="0">
  <testcase classname="bayt.BaytMobileTest" name="testJobApplication" time="20.954"/>
</testsuite> <!-- bayt.BaytMobileTest -->
